生成启动时间为 2015/3/4 16:45:18。
     1>项目“C:\Users\WayneFan\documents\visual studio 2012\Projects\1021\1021\1021.vcxproj”在节点 2 上(Build 个目标)。
     1>ClCompile:
         C:\Program Files (x86)\Microsoft Visual Studio 11.0\VC\bin\CL.exe /c /ZI /nologo /W3 /WX- /Od /Oy- /D _MBCS /Gm /EHsc /RTC1 /MDd /GS /fp:precise /Zc:wchar_t /Zc:forScope /Fo"Debug\\" /Fd"Debug\vc110.pdb" /Gd /TP /analyze- /errorReport:prompt "源.cpp"
         源.cpp
     1>c:\users\waynefan\documents\visual studio 2012\projects\1021\1021\源.cpp(18): warning C4018: “<”: 有符号/无符号不匹配
     1>c:\users\waynefan\documents\visual studio 2012\projects\1021\1021\源.cpp(28): warning C4018: “<”: 有符号/无符号不匹配
     1>c:\users\waynefan\documents\visual studio 2012\projects\1021\1021\源.cpp(38): warning C4996: 'scanf': This function or variable may be unsafe. Consider using scanf_s instead. To disable deprecation, use _CRT_SECURE_NO_WARNINGS. See online help for details.
                 c:\program files (x86)\microsoft visual studio 11.0\vc\include\stdio.h(290) : 参见“scanf”的声明
     1>c:\users\waynefan\documents\visual studio 2012\projects\1021\1021\源.cpp(42): warning C4996: 'scanf': This function or variable may be unsafe. Consider using scanf_s instead. To disable deprecation, use _CRT_SECURE_NO_WARNINGS. See online help for details.
                 c:\program files (x86)\microsoft visual studio 11.0\vc\include\stdio.h(290) : 参见“scanf”的声明
     1>c:\program files (x86)\microsoft visual studio 11.0\vc\include\xutility(2646): warning C4800: “const int”: 将值强制为布尔值“true”或“false”(性能警告)
                 c:\program files (x86)\microsoft visual studio 11.0\vc\include\xutility(2669): 参见对正在编译的函数 模板 实例化“void std::_Fill<_Iter,_Ty>(_FwdIt,_FwdIt,const _Ty &)”的引用
                 with
                 [
                     _Iter=bool *,
                     _Ty=int,
                     _FwdIt=bool *
                 ]
                 c:\users\waynefan\documents\visual studio 2012\projects\1021\1021\源.cpp(39): 参见对正在编译的函数 模板 实例化“void std::fill<bool*,int>(_FwdIt,_FwdIt,const _Ty &)”的引用
                 with
                 [
                     _FwdIt=bool *,
                     _Ty=int
                 ]
       Link:
         C:\Program Files (x86)\Microsoft Visual Studio 11.0\VC\bin\link.exe /ERRORREPORT:PROMPT /OUT:"C:\Users\WayneFan\documents\visual studio 2012\Projects\1021\Debug\1021.exe" /INCREMENTAL /NOLOGO kernel32.lib user32.lib gdi32.lib winspool.lib comdlg32.lib advapi32.lib shell32.lib ole32.lib oleaut32.lib uuid.lib odbc32.lib odbccp32.lib /MANIFEST /MANIFESTUAC:"level='asInvoker' uiAccess='false'" /manifest:embed /DEBUG /PDB:"C:\Users\WayneFan\documents\visual studio 2012\Projects\1021\Debug\1021.pdb" /TLBID:1 /DYNAMICBASE /NXCOMPAT /IMPLIB:"C:\Users\WayneFan\documents\visual studio 2012\Projects\1021\Debug\1021.lib" /MACHINE:X86 "Debug\源.obj"
         1021.vcxproj -> C:\Users\WayneFan\documents\visual studio 2012\Projects\1021\Debug\1021.exe
     1>已完成生成项目“C:\Users\WayneFan\documents\visual studio 2012\Projects\1021\1021\1021.vcxproj”(Build 个目标)的操作。

生成成功。

已用时间 00:00:01.21
