C:\USERS\WAYNEFAN\DOCUMENTS\ACM\PAT\1003_1\1003_1\DEBUG\源.OBJ
C:\USERS\WAYNEFAN\DOCUMENTS\ACM\PAT\1003_1\1003_1\DEBUG\VC110.PDB
C:\USERS\WAYNEFAN\DOCUMENTS\ACM\PAT\1003_1\DEBUG\1003_1.ILK
C:\USERS\WAYNEFAN\DOCUMENTS\ACM\PAT\1003_1\DEBUG\1003_1.EXE
C:\USERS\WAYNEFAN\DOCUMENTS\ACM\PAT\1003_1\DEBUG\1003_1.PDB
C:\Users\WayneFan\Documents\ACM\PAT\1003_1\1003_1\Debug\源.obj
C:\Users\WayneFan\Documents\ACM\PAT\1003_1\1003_1\Debug\cl.command.1.tlog
C:\Users\WayneFan\Documents\ACM\PAT\1003_1\1003_1\Debug\CL.read.1.tlog
C:\Users\WayneFan\Documents\ACM\PAT\1003_1\1003_1\Debug\CL.write.1.tlog
C:\Users\WayneFan\Documents\ACM\PAT\1003_1\1003_1\Debug\link-cvtres.read.1.tlog
C:\Users\WayneFan\Documents\ACM\PAT\1003_1\1003_1\Debug\link-cvtres.write.1.tlog
C:\Users\WayneFan\Documents\ACM\PAT\1003_1\1003_1\Debug\link-rc.read.1.tlog
C:\Users\WayneFan\Documents\ACM\PAT\1003_1\1003_1\Debug\link-rc.write.1.tlog
C:\Users\WayneFan\Documents\ACM\PAT\1003_1\1003_1\Debug\link.command.1.tlog
C:\Users\WayneFan\Documents\ACM\PAT\1003_1\1003_1\Debug\link.read.1.tlog
C:\Users\WayneFan\Documents\ACM\PAT\1003_1\1003_1\Debug\link.write.1.tlog
C:\Users\WayneFan\Documents\ACM\PAT\1003_1\1003_1\Debug\vc110.idb
C:\Users\WayneFan\Documents\ACM\PAT\1003_1\1003_1\Debug\vc110.pdb
C:\Users\WayneFan\Documents\ACM\PAT\1003_1\Debug\1003_1.pdb
C:\Users\WayneFan\Documents\ACM\PAT\1003_1\Debug\1003_1.exe
C:\Users\WayneFan\Documents\ACM\PAT\1003_1\Debug\1003_1.ilk
