生成启动时间为 2015/3/1 22:16:35。
     1>项目“C:\Users\WayneFan\Documents\ACM\PAT\1017\1017\1017.vcxproj”在节点 2 上(Build 个目标)。
     1>ClCompile:
         C:\Program Files (x86)\Microsoft Visual Studio 11.0\VC\bin\CL.exe /c /ZI /nologo /W3 /WX- /Od /Oy- /D _MBCS /Gm /EHsc /RTC1 /MDd /GS /fp:precise /Zc:wchar_t /Zc:forScope /Fo"Debug\\" /Fd"Debug\vc110.pdb" /Gd /TP /analyze- /errorReport:prompt "源.cpp"
         源.cpp
     1>c:\users\waynefan\documents\acm\pat\1017\1017\源.cpp(18): warning C4996: 'localtime': This function or variable may be unsafe. Consider using localtime_s instead. To disable deprecation, use _CRT_SECURE_NO_WARNINGS. See online help for details.
                 c:\program files (x86)\microsoft visual studio 11.0\vc\include\time.inl(112) : 参见“localtime”的声明
     1>c:\users\waynefan\documents\acm\pat\1017\1017\源.cpp(23): warning C4996: 'localtime': This function or variable may be unsafe. Consider using localtime_s instead. To disable deprecation, use _CRT_SECURE_NO_WARNINGS. See online help for details.
                 c:\program files (x86)\microsoft visual studio 11.0\vc\include\time.inl(112) : 参见“localtime”的声明
     1>c:\users\waynefan\documents\acm\pat\1017\1017\源.cpp(31): warning C4996: 'localtime': This function or variable may be unsafe. Consider using localtime_s instead. To disable deprecation, use _CRT_SECURE_NO_WARNINGS. See online help for details.
                 c:\program files (x86)\microsoft visual studio 11.0\vc\include\time.inl(112) : 参见“localtime”的声明
     1>c:\users\waynefan\documents\acm\pat\1017\1017\源.cpp(43): warning C4244: “+=”: 从“time_t”转换到“int”，可能丢失数据
     1>c:\users\waynefan\documents\acm\pat\1017\1017\源.cpp(49): warning C4244: “=”: 从“time_t”转换到“int”，可能丢失数据
     1>c:\users\waynefan\documents\acm\pat\1017\1017\源.cpp(56): warning C4244: “+=”: 从“time_t”转换到“int”，可能丢失数据
     1>c:\users\waynefan\documents\acm\pat\1017\1017\源.cpp(57): warning C4244: “=”: 从“time_t”转换到“int”，可能丢失数据
       Link:
         C:\Program Files (x86)\Microsoft Visual Studio 11.0\VC\bin\link.exe /ERRORREPORT:PROMPT /OUT:"C:\Users\WayneFan\Documents\ACM\PAT\1017\Debug\1017.exe" /INCREMENTAL /NOLOGO kernel32.lib user32.lib gdi32.lib winspool.lib comdlg32.lib advapi32.lib shell32.lib ole32.lib oleaut32.lib uuid.lib odbc32.lib odbccp32.lib /MANIFEST /MANIFESTUAC:"level='asInvoker' uiAccess='false'" /manifest:embed /DEBUG /PDB:"C:\Users\WayneFan\Documents\ACM\PAT\1017\Debug\1017.pdb" /TLBID:1 /DYNAMICBASE /NXCOMPAT /IMPLIB:"C:\Users\WayneFan\Documents\ACM\PAT\1017\Debug\1017.lib" /MACHINE:X86 "Debug\源.obj"
         1017.vcxproj -> C:\Users\WayneFan\Documents\ACM\PAT\1017\Debug\1017.exe
     1>已完成生成项目“C:\Users\WayneFan\Documents\ACM\PAT\1017\1017\1017.vcxproj”(Build 个目标)的操作。

生成成功。

已用时间 00:00:01.01
